<?xml version="1.0" encoding="UTF-8"?>
<testsuite name="SchoolTest" tests="8" skipped="0" failures="0" errors="0" timestamp="2017-02-16T22:56:57" hostname="WHDQ2099" time="0.012">
  <properties/>
  <testcase name="addsStudents" classname="SchoolTest" time="0.005"/>
  <testcase name="addsMoreStudentsInSameGrade" classname="SchoolTest" time="0.002"/>
  <testcase name="modifyingSortedStudentsShouldNotModifyInternalDatabase" classname="SchoolTest" time="0.001"/>
  <testcase name="startsWithNoStudents" classname="SchoolTest" time="0.0"/>
  <testcase name="modifyingFetchedGradeShouldNotModifyInternalDatabase" classname="SchoolTest" time="0.0"/>
  <testcase name="sortsSchool" classname="SchoolTest" time="0.003"/>
  <testcase name="addsStudentsInMultipleGrades" classname="SchoolTest" time="0.0"/>
  <testcase name="getsStudentsInEmptyGrade" classname="SchoolTest" time="0.0"/>
  <system-out><![CDATA[]]></system-out>
  <system-err><![CDATA[]]></system-err>
</testsuite>
