<?xml version="1.0" encoding="UTF-8"?>
<testsuite name="WordCountTest" tests="6" skipped="0" failures="0" errors="0" timestamp="2017-01-27T01:00:53" hostname="WHDQ2099" time="0.016">
  <properties/>
  <testcase name="normalizeCase" classname="WordCountTest" time="0.016"/>
  <testcase name="countOneOfEach" classname="WordCountTest" time="0.0"/>
  <testcase name="countOneWord" classname="WordCountTest" time="0.0"/>
  <testcase name="countMultipleOccurences" classname="WordCountTest" time="0.0"/>
  <testcase name="includeNumbers" classname="WordCountTest" time="0.0"/>
  <testcase name="ignorePunctuation" classname="WordCountTest" time="0.0"/>
  <system-out><![CDATA[]]></system-out>
  <system-err><![CDATA[]]></system-err>
</testsuite>
